<html>
<body>
<pre>
<h1>µVision Build Log</h1>
<h2>Project:</h2>
\\Mac\Google Drive\UT\17 - FALL\EE445L\Labs_git\EE-445L-Labs\Labs\Lab_2\Lab_2-ks38728_tk8435_PMF\ADCSWTrigger.uvproj
Project File Date:  09/12/2017

<h2>Output:</h2>
Rebuild target 'ADCSWTrigger'
assembling startup.s...
compiling ADCSWTrigger.c...
compiling PLL.c...
compiling ST7735.c...
compiling Timer1.c...
compiling main.c...
linking...
Program Size: Code=3476 RO-data=2052 RW-data=76 ZI-data=25508  
".\ADCSWTrigger.axf" - 0 Error(s), 0 Warning(s).
g(s).
Load "\\\\Mac\\Google Drive\\UT\\17 - FALL\\EE445L\\Labs_git\\EE-445L-Labs\\Labs\\Lab_2\\Lab_2-ks38728_tk8435_PMF\\ADCSWTrigger.axf" 
Connecting: Mode=JTAG, Speed=1000000Hz
Erase Done.
Programming Done.
Verify OK.
ash Download failed  -  Target DLL has been cancelled
Load "\\\\Mac\\Google Drive\\UT\\17 - FALL\\EE445L\\Labs_git\\EE-445L-Labs\\Labs\\Lab_2\\Lab_2-ks38728_tk8435_PMF\\ADCSWTrigger.axf" 
Connecting: Mode=JTAG, Speed=1000000Hz
Erase Done.
Programming Done.
Verify OK.
Error: Target DLL has been cancelled. Debugger aborted !
ble "pmf" was declared but never referenced
  uint32_t pmf[PMF_MAX_SIZE];
ADCTestMain.c(56): warning:  #177-D: variable "pmfMinX" was declared but never referenced
  uint32_t pmfMinX = 0;
ADCTestMain.c(57): warning:  #177-D: variable "pmfMaxX" was declared but never referenced
  uint32_t pmfMaxX = 0;
ADCTestMain.c(126): error:  #20: identifier "timeStamps" is undefined
        uint32_t smallestTimeDiff = timeStamps[0] - timeStamps[1];
ADCTestMain.c(139): error:  #20: identifier "jitter" is undefined
        jitter = smallestTimeDiff - largestTimeDiff;
ADCTestMain.c(151): error:  #247: function "CalculateXAxis" has already been defined
  void CalculateXAxis(void){
ADCTestMain.c(152): error:  #20: identifier "pmfMinX" is undefined
        pmfMinX = adcValues[0];
ADCTestMain.c(152): error:  #20: identifier "adcValues" is undefined
        pmfMinX = adcValues[0];
ADCTestMain.c(153): error:  #20: identifier "pmfMaxX" is undefined
        pmfMaxX = adcValues[0];
ADCTestMain.c: 8 warnings, 7 errors
compiling PLL.c...
compiling ST7735.c...
".\ADCSWTrigger.axf" - 7 Error(s), 8 Warning(s).
Target not created
